AutoTran/build/intermediates/manifest_merge_blame_file/debug/manifest-merger-blame-debug-report.txt
1<?xml version="1.0" encoding="utf-8"?>
2<manifest xmlns:android="http://schemas.android.com/apk/res/android"
3    package="com.cassens.autotran.driver.prod"
4    android:versionCode="3000000"
5    android:versionName="3.0.0.0-dev" >
6
7    <uses-sdk
8        android:minSdkVersion="25"
8-->Autotrans/AutoTran/AndroidManifest.xml
9        android:targetSdkVersion="33" />
9-->Autotrans/AutoTran/AndroidManifest.xml
10
11    <uses-feature android:name="android.hardware.camera" />
11-->Autotrans/AutoTran/AndroidManifest.xml:6:5-60
11-->Autotrans/AutoTran/AndroidManifest.xml:6:19-57
12    <uses-feature android:name="android.hardware.camera.autofocus" />
12-->Autotrans/AutoTran/AndroidManifest.xml:7:5-70
12-->Autotrans/AutoTran/AndroidManifest.xml:7:19-67
13
14    <uses-permission android:name="android.permission.ACCESS_WIFI_STATE" />
14-->Autotrans/AutoTran/AndroidManifest.xml:9:5-76
14-->Autotrans/AutoTran/AndroidManifest.xml:9:22-73
15    <uses-permission android:name="android.permission.CALL_PHONE" />
15-->Autotrans/AutoTran/AndroidManifest.xml:10:5-68
15-->Autotrans/AutoTran/AndroidManifest.xml:10:22-66
16    <uses-permission android:name="android.permission.CAMERA" />
16-->Autotrans/AutoTran/AndroidManifest.xml:11:5-65
16-->Autotrans/AutoTran/AndroidManifest.xml:11:22-62
17    <uses-permission android:name="android.permission.INTERNET" />
17-->Autotrans/AutoTran/AndroidManifest.xml:12:5-67
17-->Autotrans/AutoTran/AndroidManifest.xml:12:22-64
18    <uses-permission android:name="android.permission.NFC" />
18-->Autotrans/AutoTran/AndroidManifest.xml:13:5-62
18-->Autotrans/AutoTran/AndroidManifest.xml:13:22-59
19    <uses-permission android:name="android.permission.READ_PRIVILEGED_PHONE_STATE" />
19-->Autotrans/AutoTran/AndroidManifest.xml:14:5-86
19-->Autotrans/AutoTran/AndroidManifest.xml:14:22-83
20    <uses-permission android:name="android.permission.SCHEDULE_EXACT_ALARM" />
20-->Autotrans/AutoTran/AndroidManifest.xml:15:5-79
20-->Autotrans/AutoTran/AndroidManifest.xml:15:22-76
21    <uses-permission android:name="android.permission.WAKE_LOCK" />
21-->Autotrans/AutoTran/AndroidManifest.xml:16:5-68
21-->Autotrans/AutoTran/AndroidManifest.xml:16:22-65
22    <uses-permission android:name="android.permission.ACCESS_NETWORK_STATE" />
22-->Autotrans/AutoTran/AndroidManifest.xml:17:5-79
22-->Autotrans/AutoTran/AndroidManifest.xml:17:22-76
23    <uses-permission android:name="android.permission.WRITE_EXTERNAL_STORAGE" />
23-->Autotrans/AutoTran/AndroidManifest.xml:18:5-81
23-->Autotrans/AutoTran/AndroidManifest.xml:18:22-78
24    <uses-permission android:name="android.permission.ACCESS_COARSE_LOCATION" />
24-->Autotrans/AutoTran/AndroidManifest.xml:19:5-81
24-->Autotrans/AutoTran/AndroidManifest.xml:19:22-78
25    <uses-permission android:name="android.permission.ACCESS_FINE_LOCATION" />
25-->Autotrans/AutoTran/AndroidManifest.xml:20:5-79
25-->Autotrans/AutoTran/AndroidManifest.xml:20:22-76
26    <uses-permission android:name="android.permission.ACCESS_BACKGROUND_LOCATION" />
26-->Autotrans/AutoTran/AndroidManifest.xml:21:5-85
26-->Autotrans/AutoTran/AndroidManifest.xml:21:22-82
27    <uses-permission android:name="android.permission.READ_PHONE_STATE" />
27-->Autotrans/AutoTran/AndroidManifest.xml:22:5-75
27-->Autotrans/AutoTran/AndroidManifest.xml:22:22-72
28    <uses-permission android:name="android.permission.READ_EXTERNAL_STORAGE" />
28-->Autotrans/AutoTran/AndroidManifest.xml:23:5-80
28-->Autotrans/AutoTran/AndroidManifest.xml:23:22-77
29    <uses-permission android:name="android.permission.WRITE_EXTERNAL_STORAGE" />
29-->Autotrans/AutoTran/AndroidManifest.xml:18:5-81
29-->Autotrans/AutoTran/AndroidManifest.xml:18:22-78
30    <uses-permission android:name="android.permission.VIBRATE" />
30-->Autotrans/AutoTran/AndroidManifest.xml:25:5-65
30-->Autotrans/AutoTran/AndroidManifest.xml:25:22-63
31    <uses-permission android:name="android.permission.RECEIVE_BOOT_COMPLETED" />
31-->Autotrans/AutoTran/AndroidManifest.xml:26:5-80
31-->Autotrans/AutoTran/AndroidManifest.xml:26:22-78
32    <uses-permission android:name="android.permission.MANAGE_EXTERNAL_STORAGE" />
32-->Autotrans/AutoTran/AndroidManifest.xml:27:5-81
32-->Autotrans/AutoTran/AndroidManifest.xml:27:22-79
33    <uses-permission android:name="com.google.android.gms.permission.ACTIVITY_RECOGNITION" />
33-->Autotrans/AutoTran/AndroidManifest.xml:30:5-94
33-->Autotrans/AutoTran/AndroidManifest.xml:30:22-91
34    <uses-permission android:name="android.permission.SYSTEM_ALERT_WINDOW" />
34-->Autotrans/AutoTran/AndroidManifest.xml:31:5-78
34-->Autotrans/AutoTran/AndroidManifest.xml:31:22-75
35
36    <uses-feature android:name="android.hardware.usb.host" />
36-->Autotrans/AutoTran/AndroidManifest.xml:33:5-62
36-->Autotrans/AutoTran/AndroidManifest.xml:33:19-59
37
38    <uses-permission android:name="com.honeywell.decode.permission.DECODE" />
38-->Autotrans/AutoTran/AndroidManifest.xml:35:5-78
38-->Autotrans/AutoTran/AndroidManifest.xml:35:22-75
39    <uses-permission android:name="android.permission.FOREGROUND_SERVICE" />
39-->[androidx.work:work-runtime:2.8.1] AndroidManifest.xml:26:5-77
39-->[androidx.work:work-runtime:2.8.1] AndroidManifest.xml:26:22-74
40    <uses-permission android:name="com.google.android.gms.permission.AD_ID" />
40-->[com.google.android.gms:play-services-measurement-api:21.2.0] AndroidManifest.xml:25:5-79
40-->[com.google.android.gms:play-services-measurement-api:21.2.0] AndroidManifest.xml:25:22-76
41    <uses-permission android:name="com.google.android.finsky.permission.BIND_GET_INSTALL_REFERRER_SERVICE" />
41-->[com.google.android.gms:play-services-measurement:21.2.0] AndroidManifest.xml:26:5-110
41-->[com.google.android.gms:play-services-measurement:21.2.0] AndroidManifest.xml:26:22-107
42
43    <application
43-->Autotrans/AutoTran/AndroidManifest.xml:37:5-395:19
44        android:name="com.cassens.autotran.AutoTranApplication"
44-->Autotrans/AutoTran/AndroidManifest.xml:38:9-44
45        android:allowBackup="false"
45-->Autotrans/AutoTran/AndroidManifest.xml:39:9-36
46        android:appComponentFactory="androidx.core.app.CoreComponentFactory"
46-->[androidx.core:core:1.6.0] AndroidManifest.xml:24:18-86
47        android:debuggable="true"
48        android:extractNativeLibs="false"
49        android:icon="@drawable/ic_launcher_autotran"
49-->Autotrans/AutoTran/AndroidManifest.xml:40:9-54
50        android:label="@string/app_name"
50-->Autotrans/AutoTran/AndroidManifest.xml:41:9-41
51        android:largeHeap="true"
51-->Autotrans/AutoTran/AndroidManifest.xml:43:9-33
52        android:testOnly="true"
53        android:theme="@android:style/Theme.Black.NoTitleBar"
53-->Autotrans/AutoTran/AndroidManifest.xml:42:9-62
54        android:usesCleartextTraffic="true" >
54-->Autotrans/AutoTran/AndroidManifest.xml:44:9-44
55        <activity android:name="com.cassens.autotran.activities.VinOCRActivity" />
55-->Autotrans/AutoTran/AndroidManifest.xml:46:9-72
55-->Autotrans/AutoTran/AndroidManifest.xml:46:19-60
56
57        <uses-library
57-->Autotrans/AutoTran/AndroidManifest.xml:48:9-87
58            android:name="org.apache.http.legacy"
58-->Autotrans/AutoTran/AndroidManifest.xml:48:23-60
59            android:required="false" />
59-->Autotrans/AutoTran/AndroidManifest.xml:48:61-85
60
61        <activity
61-->Autotrans/AutoTran/AndroidManifest.xml:50:9-62:20
62            android:name="com.cassens.autotran.activities.UsbPermissionActivity"
62-->Autotrans/AutoTran/AndroidManifest.xml:51:13-61
63            android:exported="false"
63-->Autotrans/AutoTran/AndroidManifest.xml:52:13-37
64            android:launchMode="singleInstance" >
64-->Autotrans/AutoTran/AndroidManifest.xml:53:13-48
65            <intent-filter>
65-->Autotrans/AutoTran/AndroidManifest.xml:54:13-57:29
66                <action android:name="android.hardware.usb.action.USB_DEVICE_ATTACHED" />
66-->Autotrans/AutoTran/AndroidManifest.xml:55:17-90
66-->Autotrans/AutoTran/AndroidManifest.xml:55:25-87
67                <action android:name="android.hardware.usb.action.USB_DEVICE_ATTACHED" />
67-->Autotrans/AutoTran/AndroidManifest.xml:55:17-90
67-->Autotrans/AutoTran/AndroidManifest.xml:55:25-87
68            </intent-filter>
69
70            <meta-data
70-->Autotrans/AutoTran/AndroidManifest.xml:59:13-61:57
71                android:name="android.hardware.usb.action.USB_DEVICE_ATTACHED"
71-->Autotrans/AutoTran/AndroidManifest.xml:60:17-79
72                android:resource="@xml/device_filter" />
72-->Autotrans/AutoTran/AndroidManifest.xml:61:17-54
73        </activity>
74
75        <provider
76            android:name="androidx.core.content.FileProvider"
76-->Autotrans/AutoTran/AndroidManifest.xml:65:13-62
77            android:authorities="com.cassens.autotran.driver.prod.provider"
77-->Autotrans/AutoTran/AndroidManifest.xml:66:13-60
78            android:exported="false"
78-->Autotrans/AutoTran/AndroidManifest.xml:67:13-37
79            android:grantUriPermissions="true" >
79-->Autotrans/AutoTran/AndroidManifest.xml:68:13-47
80            <meta-data
80-->Autotrans/AutoTran/AndroidManifest.xml:69:13-71:58
81                android:name="android.support.FILE_PROVIDER_PATHS"
81-->Autotrans/AutoTran/AndroidManifest.xml:70:17-67
82                android:resource="@xml/provider_paths" />
82-->Autotrans/AutoTran/AndroidManifest.xml:71:17-55
83        </provider>
84
85        <activity
85-->Autotrans/AutoTran/AndroidManifest.xml:74:9-77:52
86            android:name="com.cassens.autotran.activities.ErrorActivity"
86-->Autotrans/AutoTran/AndroidManifest.xml:75:13-53
87            android:exported="true"
87-->Autotrans/AutoTran/AndroidManifest.xml:76:13-36
88            android:screenOrientation="portrait" />
88-->Autotrans/AutoTran/AndroidManifest.xml:77:13-49
89        <activity
89-->Autotrans/AutoTran/AndroidManifest.xml:78:9-87:20
90            android:name="com.cassens.autotran.activities.SplashActivity"
90-->Autotrans/AutoTran/AndroidManifest.xml:79:13-54
91            android:exported="true"
91-->Autotrans/AutoTran/AndroidManifest.xml:80:13-36
92            android:screenOrientation="portrait" >
92-->Autotrans/AutoTran/AndroidManifest.xml:81:13-49
93            <intent-filter>
93-->Autotrans/AutoTran/AndroidManifest.xml:82:13-86:29
94                <action android:name="android.intent.action.MAIN" />
94-->Autotrans/AutoTran/AndroidManifest.xml:83:17-69
94-->Autotrans/AutoTran/AndroidManifest.xml:83:25-66
95
96                <category android:name="android.intent.category.LAUNCHER" />
96-->Autotrans/AutoTran/AndroidManifest.xml:85:17-77
96-->Autotrans/AutoTran/AndroidManifest.xml:85:27-74
97            </intent-filter>
98        </activity>
99        <activity
99-->Autotrans/AutoTran/AndroidManifest.xml:88:9-99:20
100            android:name="com.cassens.autotran.activities.AdminActivity"
100-->Autotrans/AutoTran/AndroidManifest.xml:89:13-53
101            android:exported="true"
101-->Autotrans/AutoTran/AndroidManifest.xml:90:13-36
102            android:icon="@drawable/ic_launcher_autotran"
102-->Autotrans/AutoTran/AndroidManifest.xml:91:13-58
103            android:label="AutoTran Admin"
103-->Autotrans/AutoTran/AndroidManifest.xml:92:13-43
104            android:screenOrientation="portrait" >
104-->Autotrans/AutoTran/AndroidManifest.xml:93:13-49
105            <intent-filter>
105-->Autotrans/AutoTran/AndroidManifest.xml:82:13-86:29
106                <action android:name="android.intent.action.MAIN" />
106-->Autotrans/AutoTran/AndroidManifest.xml:83:17-69
106-->Autotrans/AutoTran/AndroidManifest.xml:83:25-66
107
108                <category android:name="android.intent.category.LAUNCHER" />
108-->Autotrans/AutoTran/AndroidManifest.xml:85:17-77
108-->Autotrans/AutoTran/AndroidManifest.xml:85:27-74
109            </intent-filter>
110        </activity>
111        <activity
111-->Autotrans/AutoTran/AndroidManifest.xml:100:9-102:51
112            android:name="com.cassens.autotran.activities.LoginActivity"
112-->Autotrans/AutoTran/AndroidManifest.xml:101:13-53
113            android:screenOrientation="portrait" />
113-->Autotrans/AutoTran/AndroidManifest.xml:102:13-49
114        <activity
114-->Autotrans/AutoTran/AndroidManifest.xml:103:9-105:52
115            android:name="com.cassens.autotran.activities.DashboardActivity"
115-->Autotrans/AutoTran/AndroidManifest.xml:104:13-57
116            android:screenOrientation="portrait" />
116-->Autotrans/AutoTran/AndroidManifest.xml:105:13-49
117        <activity
117-->Autotrans/AutoTran/AndroidManifest.xml:106:9-109:52
118            android:name="com.cassens.autotran.activities.DeliveryVinInspectionActivity"
118-->Autotrans/AutoTran/AndroidManifest.xml:107:13-69
119            android:configChanges="uiMode"
119-->Autotrans/AutoTran/AndroidManifest.xml:108:13-43
120            android:screenOrientation="portrait" />
120-->Autotrans/AutoTran/AndroidManifest.xml:109:13-49
121        <activity
121-->Autotrans/AutoTran/AndroidManifest.xml:110:9-113:52
122            android:name="com.cassens.autotran.activities.PreloadActivity"
122-->Autotrans/AutoTran/AndroidManifest.xml:111:13-55
123            android:configChanges="uiMode"
123-->Autotrans/AutoTran/AndroidManifest.xml:112:13-43
124            android:screenOrientation="portrait" />
124-->Autotrans/AutoTran/AndroidManifest.xml:113:13-49
125        <activity
125-->Autotrans/AutoTran/AndroidManifest.xml:114:9-117:52
126            android:name="com.cassens.autotran.activities.DeliveryActivity"
126-->Autotrans/AutoTran/AndroidManifest.xml:115:13-56
127            android:configChanges="uiMode"
127-->Autotrans/AutoTran/AndroidManifest.xml:116:13-43
128            android:screenOrientation="portrait" />
128-->Autotrans/AutoTran/AndroidManifest.xml:117:13-49
129        <activity
129-->Autotrans/AutoTran/AndroidManifest.xml:118:9-122:70
130            android:name="com.cassens.autotran.activities.SupplementalNotesActivity"
130-->Autotrans/AutoTran/AndroidManifest.xml:119:13-65
131            android:configChanges="uiMode"
131-->Autotrans/AutoTran/AndroidManifest.xml:120:13-43
132            android:screenOrientation="portrait"
132-->Autotrans/AutoTran/AndroidManifest.xml:121:13-49
133            android:windowSoftInputMode="adjustResize|stateHidden" />
133-->Autotrans/AutoTran/AndroidManifest.xml:122:13-67
134        <activity
134-->Autotrans/AutoTran/AndroidManifest.xml:123:9-125:52
135            android:name="com.cassens.autotran.activities.DamageSummaryActivity"
135-->Autotrans/AutoTran/AndroidManifest.xml:124:13-61
136            android:screenOrientation="portrait" />
136-->Autotrans/AutoTran/AndroidManifest.xml:125:13-49
137        <activity
137-->Autotrans/AutoTran/AndroidManifest.xml:126:9-129:52
138            android:name="com.cassens.autotran.activities.VINInspectionActivity"
138-->Autotrans/AutoTran/AndroidManifest.xml:127:13-61
139            android:configChanges="uiMode"
139-->Autotrans/AutoTran/AndroidManifest.xml:128:13-43
140            android:screenOrientation="portrait" />
140-->Autotrans/AutoTran/AndroidManifest.xml:129:13-49
141        <activity
141-->Autotrans/AutoTran/AndroidManifest.xml:130:9-132:52
142            android:name="com.cassens.autotran.activities.ShuttleCreateLoadActivity"
142-->Autotrans/AutoTran/AndroidManifest.xml:131:13-65
143            android:screenOrientation="portrait" />
143-->Autotrans/AutoTran/AndroidManifest.xml:132:13-49
144        <activity
144-->Autotrans/AutoTran/AndroidManifest.xml:133:9-135:52
145            android:name="com.cassens.autotran.activities.ShuttleBuildLoadActivity"
145-->Autotrans/AutoTran/AndroidManifest.xml:134:13-64
146            android:screenOrientation="portrait" />
146-->Autotrans/AutoTran/AndroidManifest.xml:135:13-49
147        <activity
147-->Autotrans/AutoTran/AndroidManifest.xml:136:9-138:52
148            android:name="com.cassens.autotran.activities.ShuttleAddVinsActivity"
148-->Autotrans/AutoTran/AndroidManifest.xml:137:13-62
149            android:screenOrientation="portrait" />
149-->Autotrans/AutoTran/AndroidManifest.xml:138:13-49
150        <activity
150-->Autotrans/AutoTran/AndroidManifest.xml:139:9-142:52
151            android:name="com.cassens.autotran.activities.VINInventoryActivity"
151-->Autotrans/AutoTran/AndroidManifest.xml:140:13-60
152            android:configChanges="uiMode"
152-->Autotrans/AutoTran/AndroidManifest.xml:141:13-43
153            android:screenOrientation="portrait" />
153-->Autotrans/AutoTran/AndroidManifest.xml:142:13-49
154        <activity
154-->Autotrans/AutoTran/AndroidManifest.xml:143:9-145:52
155            android:name="com.cassens.autotran.activities.YardInventoryActivity"
155-->Autotrans/AutoTran/AndroidManifest.xml:144:13-61
156            android:screenOrientation="portrait" />
156-->Autotrans/AutoTran/AndroidManifest.xml:145:13-49
157        <activity
157-->Autotrans/AutoTran/AndroidManifest.xml:146:9-148:52
158            android:name="com.cassens.autotran.activities.YardEntryExitActivity"
158-->Autotrans/AutoTran/AndroidManifest.xml:147:13-61
159            android:screenOrientation="portrait" />
159-->Autotrans/AutoTran/AndroidManifest.xml:148:13-49
160        <activity
160-->Autotrans/AutoTran/AndroidManifest.xml:149:9-151:52
161            android:name="com.cassens.autotran.activities.ReceiveVehicleActivity"
161-->Autotrans/AutoTran/AndroidManifest.xml:150:13-62
162            android:screenOrientation="portrait" />
162-->Autotrans/AutoTran/AndroidManifest.xml:151:13-49
163        <activity
163-->Autotrans/AutoTran/AndroidManifest.xml:152:9-154:52
164            android:name="com.cassens.autotran.activities.PlantReturnActivity"
164-->Autotrans/AutoTran/AndroidManifest.xml:153:13-59
165            android:screenOrientation="portrait" />
165-->Autotrans/AutoTran/AndroidManifest.xml:154:13-49
166        <activity
166-->Autotrans/AutoTran/AndroidManifest.xml:155:9-157:52
167            android:name="com.cassens.autotran.activities.ShuttleSelectLoadActivity"
167-->Autotrans/AutoTran/AndroidManifest.xml:156:13-65
168            android:screenOrientation="portrait" />
168-->Autotrans/AutoTran/AndroidManifest.xml:157:13-49
169        <activity
169-->Autotrans/AutoTran/AndroidManifest.xml:158:9-160:52
170            android:name="com.cassens.autotran.activities.InspectVehicleActivity"
170-->Autotrans/AutoTran/AndroidManifest.xml:159:13-62
171            android:screenOrientation="portrait" />
171-->Autotrans/AutoTran/AndroidManifest.xml:160:13-49
172        <activity
172-->Autotrans/AutoTran/AndroidManifest.xml:161:9-164:52
173            android:name="com.cassens.autotran.activities.VehicleInspectionActivity"
173-->Autotrans/AutoTran/AndroidManifest.xml:162:13-65
174            android:configChanges="uiMode"
174-->Autotrans/AutoTran/AndroidManifest.xml:163:13-43
175            android:screenOrientation="portrait" />
175-->Autotrans/AutoTran/AndroidManifest.xml:164:13-49
176        <activity
176-->Autotrans/AutoTran/AndroidManifest.xml:165:9-168:68
177            android:name="com.cassens.autotran.activities.TerminalCodeEnter"
177-->Autotrans/AutoTran/AndroidManifest.xml:166:13-57
178            android:screenOrientation="portrait"
178-->Autotrans/AutoTran/AndroidManifest.xml:167:13-49
179            android:windowSoftInputMode="stateVisible|adjustPan" />
179-->Autotrans/AutoTran/AndroidManifest.xml:168:13-65
180        <activity
180-->Autotrans/AutoTran/AndroidManifest.xml:169:9-172:63
181            android:name="com.cassens.autotran.activities.TerminalCodeList"
181-->Autotrans/AutoTran/AndroidManifest.xml:170:13-56
182            android:screenOrientation="portrait"
182-->Autotrans/AutoTran/AndroidManifest.xml:171:13-49
183            android:windowSoftInputMode="stateAlwaysHidden" />
183-->Autotrans/AutoTran/AndroidManifest.xml:172:13-60
184        <activity
184-->Autotrans/AutoTran/AndroidManifest.xml:173:9-176:63
185            android:name="com.cassens.autotran.activities.ShuttleDestinationListActivity"
185-->Autotrans/AutoTran/AndroidManifest.xml:174:13-70
186            android:screenOrientation="portrait"
186-->Autotrans/AutoTran/AndroidManifest.xml:175:13-49
187            android:windowSoftInputMode="stateAlwaysHidden" />
187-->Autotrans/AutoTran/AndroidManifest.xml:176:13-60
188        <activity
188-->Autotrans/AutoTran/AndroidManifest.xml:177:9-180:63
189            android:name="com.cassens.autotran.activities.ShuttleOriginListActivity"
189-->Autotrans/AutoTran/AndroidManifest.xml:178:13-65
190            android:screenOrientation="portrait"
190-->Autotrans/AutoTran/AndroidManifest.xml:179:13-49
191            android:windowSoftInputMode="stateAlwaysHidden" />
191-->Autotrans/AutoTran/AndroidManifest.xml:180:13-60
192        <activity
192-->Autotrans/AutoTran/AndroidManifest.xml:181:9-184:68
193            android:name="com.cassens.autotran.activities.LotCodeEnter"
193-->Autotrans/AutoTran/AndroidManifest.xml:182:13-52
194            android:screenOrientation="portrait"
194-->Autotrans/AutoTran/AndroidManifest.xml:183:13-49
195            android:windowSoftInputMode="stateVisible|adjustPan" />
195-->Autotrans/AutoTran/AndroidManifest.xml:184:13-65
196        <activity
196-->Autotrans/AutoTran/AndroidManifest.xml:185:9-187:52
197            android:name="com.cassens.autotran.activities.LotCodeList"
197-->Autotrans/AutoTran/AndroidManifest.xml:186:13-51
198            android:screenOrientation="portrait" />
198-->Autotrans/AutoTran/AndroidManifest.xml:187:13-49
199        <activity
199-->Autotrans/AutoTran/AndroidManifest.xml:188:9-191:68
200            android:name="com.cassens.autotran.activities.ScacCodeEnter"
200-->Autotrans/AutoTran/AndroidManifest.xml:189:13-53
201            android:screenOrientation="portrait"
201-->Autotrans/AutoTran/AndroidManifest.xml:190:13-49
202            android:windowSoftInputMode="stateVisible|adjustPan" />
202-->Autotrans/AutoTran/AndroidManifest.xml:191:13-65
203        <activity
203-->Autotrans/AutoTran/AndroidManifest.xml:192:9-194:52
204            android:name="com.cassens.autotran.activities.ScacCodeList"
204-->Autotrans/AutoTran/AndroidManifest.xml:193:13-52
205            android:screenOrientation="portrait" />
205-->Autotrans/AutoTran/AndroidManifest.xml:194:13-49
206        <activity
206-->Autotrans/AutoTran/AndroidManifest.xml:195:9-198:68
207            android:name="com.cassens.autotran.activities.DamageCodeEnter"
207-->Autotrans/AutoTran/AndroidManifest.xml:196:13-55
208            android:screenOrientation="portrait"
208-->Autotrans/AutoTran/AndroidManifest.xml:197:13-49
209            android:windowSoftInputMode="stateVisible|adjustPan" />
209-->Autotrans/AutoTran/AndroidManifest.xml:198:13-65
210        <activity
210-->Autotrans/AutoTran/AndroidManifest.xml:199:9-201:52
211            android:name="com.cassens.autotran.activities.DamageCodeList"
211-->Autotrans/AutoTran/AndroidManifest.xml:200:13-54
212            android:screenOrientation="portrait" />
212-->Autotrans/AutoTran/AndroidManifest.xml:201:13-49
213        <activity
213-->Autotrans/AutoTran/AndroidManifest.xml:202:9-204:52
214            android:name="com.cassens.autotran.activities.DamageCodeListSecond"
214-->Autotrans/AutoTran/AndroidManifest.xml:203:13-60
215            android:screenOrientation="portrait" />
215-->Autotrans/AutoTran/AndroidManifest.xml:204:13-49
216        <activity
216-->Autotrans/AutoTran/AndroidManifest.xml:205:9-207:52
217            android:name="com.cassens.autotran.activities.UtilitiesActivity"
217-->Autotrans/AutoTran/AndroidManifest.xml:206:13-57
218            android:screenOrientation="portrait" />
218-->Autotrans/AutoTran/AndroidManifest.xml:207:13-49
219        <activity
219-->Autotrans/AutoTran/AndroidManifest.xml:208:9-211:52
220            android:name="com.cassens.autotran.activities.DealerMessagesActivity"
220-->Autotrans/AutoTran/AndroidManifest.xml:209:13-62
221            android:label="@string/title_activity_dealer_messages"
221-->Autotrans/AutoTran/AndroidManifest.xml:210:13-67
222            android:screenOrientation="portrait" />
222-->Autotrans/AutoTran/AndroidManifest.xml:211:13-49
223        <activity
223-->Autotrans/AutoTran/AndroidManifest.xml:212:9-216:52
224            android:name="com.cassens.autotran.activities.SignatureActivity"
224-->Autotrans/AutoTran/AndroidManifest.xml:213:13-57
225            android:configChanges="uiMode"
225-->Autotrans/AutoTran/AndroidManifest.xml:215:13-43
226            android:label="@string/title_activity_pre_load_signature"
226-->Autotrans/AutoTran/AndroidManifest.xml:214:13-70
227            android:screenOrientation="portrait" />
227-->Autotrans/AutoTran/AndroidManifest.xml:216:13-49
228        <activity
228-->Autotrans/AutoTran/AndroidManifest.xml:217:9-220:52
229            android:name="com.cassens.autotran.activities.DamageCodeTabbedListActivity"
229-->Autotrans/AutoTran/AndroidManifest.xml:218:13-68
230            android:label="@string/title_activity_damage_list"
230-->Autotrans/AutoTran/AndroidManifest.xml:219:13-63
231            android:screenOrientation="portrait" />
231-->Autotrans/AutoTran/AndroidManifest.xml:220:13-49
232        <activity
232-->Autotrans/AutoTran/AndroidManifest.xml:221:9-224:52
233            android:name="com.cassens.autotran.activities.VINDetailsActivity"
233-->Autotrans/AutoTran/AndroidManifest.xml:222:13-58
234            android:label="@string/title_activity_vindetails"
234-->Autotrans/AutoTran/AndroidManifest.xml:223:13-62
235            android:screenOrientation="portrait" />
235-->Autotrans/AutoTran/AndroidManifest.xml:224:13-49
236        <activity
236-->Autotrans/AutoTran/AndroidManifest.xml:225:9-228:52
237            android:name="com.cassens.autotran.activities.DealerDetailsActivity"
237-->Autotrans/AutoTran/AndroidManifest.xml:226:13-61
238            android:label="@string/title_activity_dealer_details"
238-->Autotrans/AutoTran/AndroidManifest.xml:227:13-66
239            android:screenOrientation="portrait" />
239-->Autotrans/AutoTran/AndroidManifest.xml:228:13-49
240        <activity
240-->Autotrans/AutoTran/AndroidManifest.xml:229:9-232:52
241            android:name="com.cassens.autotran.activities.RejectionVINActivity"
241-->Autotrans/AutoTran/AndroidManifest.xml:230:13-60
242            android:label="@string/title_activity_rejection_vin"
242-->Autotrans/AutoTran/AndroidManifest.xml:231:13-65
243            android:screenOrientation="portrait" />
243-->Autotrans/AutoTran/AndroidManifest.xml:232:13-49
244        <activity
244-->Autotrans/AutoTran/AndroidManifest.xml:233:9-236:52
245            android:name="com.cassens.autotran.activities.NotesActivity"
245-->Autotrans/AutoTran/AndroidManifest.xml:234:13-53
246            android:label="@string/title_activity_notes"
246-->Autotrans/AutoTran/AndroidManifest.xml:235:13-57
247            android:screenOrientation="portrait" />
247-->Autotrans/AutoTran/AndroidManifest.xml:236:13-49
248        <activity
248-->Autotrans/AutoTran/AndroidManifest.xml:237:9-240:52
249            android:name="com.cassens.autotran.activities.NotesListActivity"
249-->Autotrans/AutoTran/AndroidManifest.xml:238:13-57
250            android:label="@string/title_activity_notes_list"
250-->Autotrans/AutoTran/AndroidManifest.xml:239:13-62
251            android:screenOrientation="portrait" />
251-->Autotrans/AutoTran/AndroidManifest.xml:240:13-49
252        <activity
252-->Autotrans/AutoTran/AndroidManifest.xml:241:9-245:52
253            android:name="com.cassens.autotran.activities.CommunicationsActivity"
253-->Autotrans/AutoTran/AndroidManifest.xml:242:13-62
254            android:label="@string/title_activity_communications"
254-->Autotrans/AutoTran/AndroidManifest.xml:243:13-66
255            android:parentActivityName="com.cassens.autotran.activities.LoginActivity"
255-->Autotrans/AutoTran/AndroidManifest.xml:244:13-67
256            android:screenOrientation="portrait" />
256-->Autotrans/AutoTran/AndroidManifest.xml:245:13-49
257        <activity
257-->Autotrans/AutoTran/AndroidManifest.xml:246:9-249:52
258            android:name="com.cassens.autotran.activities.UploadStatusActivity"
258-->Autotrans/AutoTran/AndroidManifest.xml:247:13-60
259            android:label="@string/title_activity_upload_status"
259-->Autotrans/AutoTran/AndroidManifest.xml:248:13-65
260            android:screenOrientation="portrait" />
260-->Autotrans/AutoTran/AndroidManifest.xml:249:13-49
261        <activity
261-->Autotrans/AutoTran/AndroidManifest.xml:250:9-253:52
262            android:name="com.cassens.autotran.activities.ClearLoadActivity"
262-->Autotrans/AutoTran/AndroidManifest.xml:251:13-57
263            android:label="@string/clearload"
263-->Autotrans/AutoTran/AndroidManifest.xml:252:13-46
264            android:screenOrientation="portrait" />
264-->Autotrans/AutoTran/AndroidManifest.xml:253:13-49
265        <activity
265-->Autotrans/AutoTran/AndroidManifest.xml:254:9-257:52
266            android:name="com.cassens.autotran.activities.SetTerminalActivity"
266-->Autotrans/AutoTran/AndroidManifest.xml:255:13-59
267            android:label="Set Default Terminal"
267-->Autotrans/AutoTran/AndroidManifest.xml:256:13-49
268            android:screenOrientation="portrait" />
268-->Autotrans/AutoTran/AndroidManifest.xml:257:13-49
269        <activity
269-->Autotrans/AutoTran/AndroidManifest.xml:258:9-262:52
270            android:name="com.cassens.autotran.activities.DrivingLockActivity"
270-->Autotrans/AutoTran/AndroidManifest.xml:259:13-59
271            android:label="@string/drivingMode"
271-->Autotrans/AutoTran/AndroidManifest.xml:260:13-48
272            android:screenOrientation="portrait"
272-->Autotrans/AutoTran/AndroidManifest.xml:262:13-49
273            android:theme="@android:style/Theme.Dialog" />
273-->Autotrans/AutoTran/AndroidManifest.xml:261:13-56
274        <activity
274-->Autotrans/AutoTran/AndroidManifest.xml:263:9-266:52
275            android:name="com.cassens.autotran.activities.CheckScannerActivity"
275-->Autotrans/AutoTran/AndroidManifest.xml:264:13-60